SF:lib\core\error\exception.dart
DA:4,1
LF:1
LH:1
end_of_record
SF:lib\core\error\failures.dart
DA:7,1
DA:9,1
DA:10,1
LF:3
LH:3
end_of_record
SF:lib\models\upcarta_user.dart
DA:10,1
DA:33,0
LF:2
LH:1
end_of_record
SF:lib\models\upcarta_user.g.dart
DA:9,0
DA:10,0
DA:11,0
DA:12,0
DA:13,0
DA:14,0
DA:15,0
DA:16,0
DA:17,0
DA:18,0
DA:20,0
DA:23,0
DA:24,0
DA:25,0
DA:26,0
DA:27,0
DA:28,0
DA:29,0
DA:30,0
LF:19
LH:0
end_of_record
SF:lib\repositories\authentication_repository\authentication_repository.dart
DA:19,1
DA:25,1
DA:27,3
DA:30,3
DA:32,2
DA:34,1
DA:35,1
DA:36,2
DA:41,3
DA:42,1
DA:43,1
DA:44,2
DA:50,0
DA:52,0
DA:56,0
DA:58,0
LF:16
LH:12
end_of_record
SF:lib\core\api\http_client.dart
DA:9,0
DA:15,0
DA:18,0
DA:19,0
DA:20,0
DA:22,0
DA:24,0
DA:29,0
DA:30,0
DA:31,0
DA:32,0
DA:33,0
DA:34,0
DA:37,0
DA:38,0
DA:40,0
LF:16
LH:0
end_of_record
SF:lib\models\entity.dart
DA:36,0
LF:1
LH:0
end_of_record
SF:lib\models\entity.g.dart
DA:9,0
DA:10,0
DA:11,0
DA:12,0
DA:13,0
DA:14,0
DA:16,0
DA:17,0
DA:18,0
DA:19,0
DA:20,0
DA:21,0
DA:22,0
DA:23,0
DA:24,0
DA:25,0
DA:27,0
DA:28,0
DA:30,0
DA:31,0
DA:33,0
DA:36,0
DA:37,0
DA:38,0
DA:39,0
DA:40,0
DA:41,0
DA:42,0
DA:43,0
DA:44,0
DA:45,0
DA:46,0
DA:47,0
DA:48,0
DA:49,0
DA:50,0
DA:51,0
DA:52,0
LF:38
LH:0
end_of_record
SF:lib\models\identity.dart
DA:9,1
DA:26,0
DA:27,0
LF:3
LH:1
end_of_record
SF:lib\models\identity.g.dart
DA:9,0
DA:10,0
DA:11,0
DA:12,0
DA:13,0
DA:14,0
DA:15,0
DA:16,0
DA:17,0
DA:19,0
DA:20,0
DA:22,0
DA:23,0
DA:25,0
DA:28,0
DA:29,0
DA:30,0
DA:31,0
DA:32,0
DA:33,0
DA:34,0
DA:35,0
DA:36,0
DA:37,0
DA:38,0
DA:39,0
LF:26
LH:0
end_of_record
SF:lib\repositories\authentication_repository\authentication_repository_interface.dart
DA:7,0
LF:1
LH:0
end_of_record
